<?xml version="1.0" encoding="UTF-8"?>
<!-- Generated by org.testng.reporters.JUnitReportReporter -->
<testsuite skipped="0" hostname="Rohan314709801" name="com.nagarro.nagp.restassured.assignment.TestC2_TaskFlows" tests="4" failures="0" timestamp="25 Sep 2019 09:44:30 GMT" time="4.924" errors="0">
  <testcase name="TC06_updateTask" time="1.089" classname="com.nagarro.nagp.restassured.assignment.TestC2_TaskFlows"/>
  <testcase name="TC07_deleteTask" time="1.153" classname="com.nagarro.nagp.restassured.assignment.TestC2_TaskFlows"/>
  <testcase name="TC08_getTasks" time="1.400" classname="com.nagarro.nagp.restassured.assignment.TestC2_TaskFlows"/>
  <testcase name="TC05_addTask" time="1.282" classname="com.nagarro.nagp.restassured.assignment.TestC2_TaskFlows"/>
</testsuite> <!-- com.nagarro.nagp.restassured.assignment.TestC2_TaskFlows -->
