<?xml version="1.0" encoding="UTF-8"?>
<!-- Generated by org.testng.reporters.JUnitReportReporter -->
<testsuite skipped="0" hostname="Rohan314709801" name="com.nagarro.nagp.restassured.assignment.TestListFlows" tests="4" failures="0" timestamp="25 Sep 2019 09:33:40 GMT" time="7.346" errors="0">
  <testcase name="TC01_addList" time="3.997" classname="com.nagarro.nagp.restassured.assignment.TestListFlows"/>
  <testcase name="TC04_getLists" time="1.079" classname="com.nagarro.nagp.restassured.assignment.TestListFlows"/>
  <testcase name="TC03_deleteList" time="1.224" classname="com.nagarro.nagp.restassured.assignment.TestListFlows"/>
  <testcase name="TC02_updateList" time="1.046" classname="com.nagarro.nagp.restassured.assignment.TestListFlows"/>
</testsuite> <!-- com.nagarro.nagp.restassured.assignment.TestListFlows -->
