<?xml version="1.0" encoding="UTF-8"?>
<!-- Generated by org.testng.reporters.JUnitReportReporter -->
<testsuite skipped="0" hostname="Rohan314709801" name="com.nagarro.nagp.restassured.assignment.TestNoteFlows" tests="5" failures="0" timestamp="23 Sep 2019 11:38:20 GMT" time="6.339" errors="0">
  <testcase name="TC18_updateNote" time="1.260" classname="com.nagarro.nagp.restassured.assignment.TestNoteFlows"/>
  <testcase name="TC21_deleteNote" time="1.407" classname="com.nagarro.nagp.restassured.assignment.TestNoteFlows"/>
  <testcase name="TC20_getNotesFromTask" time="1.166" classname="com.nagarro.nagp.restassured.assignment.TestNoteFlows"/>
  <testcase name="TC19_getNotesFromList" time="0.963" classname="com.nagarro.nagp.restassured.assignment.TestNoteFlows"/>
  <testcase name="TC17_addNote" time="1.543" classname="com.nagarro.nagp.restassured.assignment.TestNoteFlows"/>
</testsuite> <!-- com.nagarro.nagp.restassured.assignment.TestNoteFlows -->
