<?xml version="1.0" encoding="UTF-8"?>
<!-- Generated by org.testng.reporters.JUnitReportReporter -->
<testsuite skipped="0" hostname="Rohan314709801" name="com.nagarro.nagp.restassured.assignment.TestTaskCommentFlows" tests="4" failures="0" timestamp="23 Sep 2019 11:43:14 GMT" time="4.110" errors="0">
  <testcase name="TC15_getCommentsFromList" time="0.924" classname="com.nagarro.nagp.restassured.assignment.TestTaskCommentFlows"/>
  <testcase name="TC16_getCommentsFromTask" time="0.964" classname="com.nagarro.nagp.restassured.assignment.TestTaskCommentFlows"/>
  <testcase name="TC14_getSpecificComment" time="1.024" classname="com.nagarro.nagp.restassured.assignment.TestTaskCommentFlows"/>
  <testcase name="TC13_addTaskComment" time="1.198" classname="com.nagarro.nagp.restassured.assignment.TestTaskCommentFlows"/>
</testsuite> <!-- com.nagarro.nagp.restassured.assignment.TestTaskCommentFlows -->
