<?xml version="1.0" encoding="UTF-8"?>
<!-- Generated by org.testng.reporters.JUnitReportReporter -->
<testsuite skipped="0" hostname="Rohan314709801" name="com.nagarro.nagp.restassured.assignment.TestSubTaskFlows" tests="4" failures="0" timestamp="23 Sep 2019 11:41:08 GMT" time="6.465" errors="0">
  <testcase name="TC09_addSubTask" time="1.600" classname="com.nagarro.nagp.restassured.assignment.TestSubTaskFlows"/>
  <testcase name="TC12_getSubTasks" time="1.227" classname="com.nagarro.nagp.restassured.assignment.TestSubTaskFlows"/>
  <testcase name="TC10_updateSubTask" time="2.344" classname="com.nagarro.nagp.restassured.assignment.TestSubTaskFlows"/>
  <testcase name="TC11_deleteSubTask" time="1.294" classname="com.nagarro.nagp.restassured.assignment.TestSubTaskFlows"/>
</testsuite> <!-- com.nagarro.nagp.restassured.assignment.TestSubTaskFlows -->
