<?xml version="1.0" encoding="UTF-8"?>
<!-- Generated by org.testng.reporters.JUnitReportReporter -->
<testsuite skipped="0" hostname="Rohan314709801" name="com.nagarro.nagp.restassured.assignment.TestTaskFlows" tests="4" failures="0" timestamp="23 Sep 2019 11:57:02 GMT" time="4.689" errors="0">
  <testcase name="TC06_updateTask" time="1.274" classname="com.nagarro.nagp.restassured.assignment.TestTaskFlows"/>
  <testcase name="TC08_getTasks" time="1.010" classname="com.nagarro.nagp.restassured.assignment.TestTaskFlows"/>
  <testcase name="TC05_addTask" time="1.179" classname="com.nagarro.nagp.restassured.assignment.TestTaskFlows"/>
  <testcase name="TC07_deleteTask" time="1.226" classname="com.nagarro.nagp.restassured.assignment.TestTaskFlows"/>
</testsuite> <!-- com.nagarro.nagp.restassured.assignment.TestTaskFlows -->
