<?xml version="1.0" encoding="UTF-8"?>
<!-- Generated by org.testng.reporters.JUnitReportReporter -->
<testsuite skipped="0" hostname="Rohan314709801" name="com.nagarro.nagp.restassured.assignment.TestC5_NoteFlows" tests="5" failures="0" timestamp="25 Sep 2019 09:53:07 GMT" time="4.667" errors="0">
  <testcase name="TC17_addNote" time="0.932" classname="com.nagarro.nagp.restassured.assignment.TestC5_NoteFlows"/>
  <testcase name="TC18_updateNote" time="0.959" classname="com.nagarro.nagp.restassured.assignment.TestC5_NoteFlows"/>
  <testcase name="TC20_getNotesFromTask" time="0.897" classname="com.nagarro.nagp.restassured.assignment.TestC5_NoteFlows"/>
  <testcase name="TC19_getNotesFromList" time="0.945" classname="com.nagarro.nagp.restassured.assignment.TestC5_NoteFlows"/>
  <testcase name="TC21_deleteNote" time="0.934" classname="com.nagarro.nagp.restassured.assignment.TestC5_NoteFlows"/>
</testsuite> <!-- com.nagarro.nagp.restassured.assignment.TestC5_NoteFlows -->
