<?xml version="1.0" encoding="UTF-8"?>
<!-- Generated by org.testng.reporters.JUnitReportReporter -->
<testsuite skipped="0" hostname="Rohan314709801" name="com.nagarro.nagp.restassured.assignment.TestC4_TaskCommentFlows" tests="4" failures="0" timestamp="25 Sep 2019 09:50:39 GMT" time="4.582" errors="0">
  <testcase name="TC14_getSpecificComment" time="1.232" classname="com.nagarro.nagp.restassured.assignment.TestC4_TaskCommentFlows"/>
  <testcase name="TC15_getCommentsFromList" time="1.141" classname="com.nagarro.nagp.restassured.assignment.TestC4_TaskCommentFlows"/>
  <testcase name="TC13_addTaskComment" time="1.217" classname="com.nagarro.nagp.restassured.assignment.TestC4_TaskCommentFlows"/>
  <testcase name="TC16_getCommentsFromTask" time="0.992" classname="com.nagarro.nagp.restassured.assignment.TestC4_TaskCommentFlows"/>
</testsuite> <!-- com.nagarro.nagp.restassured.assignment.TestC4_TaskCommentFlows -->
