<?xml version="1.0" encoding="UTF-8"?>
<!-- Generated by org.testng.reporters.JUnitReportReporter -->
<testsuite skipped="0" hostname="Rohan314709801" name="com.nagarro.nagp.restassured.assignment.TestC3_SubTaskFlows" tests="4" failures="0" timestamp="25 Sep 2019 09:47:05 GMT" time="3.930" errors="0">
  <testcase name="TC10_updateSubTask" time="1.071" classname="com.nagarro.nagp.restassured.assignment.TestC3_SubTaskFlows"/>
  <testcase name="TC11_deleteSubTask" time="1.033" classname="com.nagarro.nagp.restassured.assignment.TestC3_SubTaskFlows"/>
  <testcase name="TC12_getSubTasks" time="0.890" classname="com.nagarro.nagp.restassured.assignment.TestC3_SubTaskFlows"/>
  <testcase name="TC09_addSubTask" time="0.936" classname="com.nagarro.nagp.restassured.assignment.TestC3_SubTaskFlows"/>
</testsuite> <!-- com.nagarro.nagp.restassured.assignment.TestC3_SubTaskFlows -->
