<?xml version="1.0" encoding="UTF-8"?>
<!-- Generated by org.testng.reporters.JUnitReportReporter -->
<testsuite skipped="0" hostname="Rohan314709801" name="com.nagarro.nagp.restassured.assignment.TestC4_TaskCommentFlows" tests="4" failures="0" timestamp="30 Sep 2019 18:14:01 GMT" time="2.117" errors="0">
  <testcase name="TC15_getCommentsFromList" time="0.476" classname="com.nagarro.nagp.restassured.assignment.TestC4_TaskCommentFlows"/>
  <testcase name="TC14_getSpecificComment" time="0.571" classname="com.nagarro.nagp.restassured.assignment.TestC4_TaskCommentFlows"/>
  <testcase name="TC13_addTaskComment" time="0.573" classname="com.nagarro.nagp.restassured.assignment.TestC4_TaskCommentFlows"/>
  <testcase name="TC16_getCommentsFromTask" time="0.497" classname="com.nagarro.nagp.restassured.assignment.TestC4_TaskCommentFlows"/>
</testsuite> <!-- com.nagarro.nagp.restassured.assignment.TestC4_TaskCommentFlows -->
