<?xml version="1.0" encoding="UTF-8"?>
<!-- Generated by org.testng.reporters.JUnitReportReporter -->
<testsuite skipped="0" hostname="Rohan314709801" name="com.nagarro.nagp.restassured.assignment.TestC2_TaskFlows" tests="4" failures="0" timestamp="30 Sep 2019 18:14:01 GMT" time="2.299" errors="0">
  <testcase name="TC07_deleteTask" time="0.506" classname="com.nagarro.nagp.restassured.assignment.TestC2_TaskFlows"/>
  <testcase name="TC05_addTask" time="0.578" classname="com.nagarro.nagp.restassured.assignment.TestC2_TaskFlows"/>
  <testcase name="TC06_updateTask" time="0.726" classname="com.nagarro.nagp.restassured.assignment.TestC2_TaskFlows"/>
  <testcase name="TC08_getTasks" time="0.489" classname="com.nagarro.nagp.restassured.assignment.TestC2_TaskFlows"/>
</testsuite> <!-- com.nagarro.nagp.restassured.assignment.TestC2_TaskFlows -->
