<?xml version="1.0" encoding="UTF-8"?>
<!-- Generated by org.testng.reporters.JUnitReportReporter -->
<testsuite skipped="0" hostname="Rohan314709801" name="com.nagarro.nagp.restassured.assignment.TestC1_ListFlows" tests="4" failures="0" timestamp="30 Sep 2019 18:14:01 GMT" time="4.195" errors="0">
  <testcase name="TC04_getLists" time="0.508" classname="com.nagarro.nagp.restassured.assignment.TestC1_ListFlows"/>
  <testcase name="TC01_addList" time="2.627" classname="com.nagarro.nagp.restassured.assignment.TestC1_ListFlows"/>
  <testcase name="TC03_deleteList" time="0.505" classname="com.nagarro.nagp.restassured.assignment.TestC1_ListFlows"/>
  <testcase name="TC02_updateList" time="0.555" classname="com.nagarro.nagp.restassured.assignment.TestC1_ListFlows"/>
</testsuite> <!-- com.nagarro.nagp.restassured.assignment.TestC1_ListFlows -->
