<?xml version="1.0" encoding="UTF-8"?>
<!-- Generated by org.testng.reporters.JUnitReportReporter -->
<testsuite skipped="0" hostname="Rohan314709801" name="com.nagarro.nagp.restassured.assignment.TestC3_SubTaskFlows" tests="4" failures="0" timestamp="30 Sep 2019 18:14:01 GMT" time="2.144" errors="0">
  <testcase name="TC12_getSubTasks" time="0.508" classname="com.nagarro.nagp.restassured.assignment.TestC3_SubTaskFlows"/>
  <testcase name="TC10_updateSubTask" time="0.517" classname="com.nagarro.nagp.restassured.assignment.TestC3_SubTaskFlows"/>
  <testcase name="TC09_addSubTask" time="0.509" classname="com.nagarro.nagp.restassured.assignment.TestC3_SubTaskFlows"/>
  <testcase name="TC11_deleteSubTask" time="0.610" classname="com.nagarro.nagp.restassured.assignment.TestC3_SubTaskFlows"/>
</testsuite> <!-- com.nagarro.nagp.restassured.assignment.TestC3_SubTaskFlows -->
