<?xml version="1.0" encoding="UTF-8"?>
<!-- Generated by org.testng.reporters.JUnitReportReporter -->
<testsuite skipped="0" hostname="Rohan314709801" name="com.nagarro.nagp.restassured.assignment.TestC5_NoteFlows" tests="5" failures="0" timestamp="30 Sep 2019 18:14:01 GMT" time="2.507" errors="0">
  <testcase name="TC21_deleteNote" time="0.501" classname="com.nagarro.nagp.restassured.assignment.TestC5_NoteFlows"/>
  <testcase name="TC19_getNotesFromList" time="0.548" classname="com.nagarro.nagp.restassured.assignment.TestC5_NoteFlows"/>
  <testcase name="TC18_updateNote" time="0.502" classname="com.nagarro.nagp.restassured.assignment.TestC5_NoteFlows"/>
  <testcase name="TC17_addNote" time="0.496" classname="com.nagarro.nagp.restassured.assignment.TestC5_NoteFlows"/>
  <testcase name="TC20_getNotesFromTask" time="0.460" classname="com.nagarro.nagp.restassured.assignment.TestC5_NoteFlows"/>
</testsuite> <!-- com.nagarro.nagp.restassured.assignment.TestC5_NoteFlows -->
